<!DOCTYPE html PUBLIC "-//W3C//DTD XHTML 1.1//EN" "http://www.w3.org/TR/xhtml11/DTD/xhtml11.dtd">
<html xmlns="http://www.w3.org/1999/xhtml"><head><title>TestNG Report</title><style type="text/css">table {margin-bottom:10px;border-collapse:collapse;empty-cells:show}th,td {border:1px solid #009;padding:.25em .5em}th {vertical-align:bottom}td {vertical-align:top}table a {font-weight:bold}.stripe td {background-color: #E6EBF9}.num {text-align:right}.passedodd td {background-color: #3F3}.passedeven td {background-color: #0A0}.skippedodd td {background-color: #DDD}.skippedeven td {background-color: #CCC}.failedodd td,.attn {background-color: #F33}.failedeven td,.stripe .attn {background-color: #D00}.stacktrace {white-space:pre;font-family:monospace}.totop {font-size:85%;text-align:center;border-bottom:2px solid #000}</style></head><body><table><tr><th>Test</th><th># Passed</th><th># Skipped</th><th># Failed</th><th>Time (ms)</th><th>Included Groups</th><th>Excluded Groups</th></tr><tr><th colspan="7">Default suite</th></tr><tr><td><a href="#t0">Default test</a></td><td class="num">5</td><td class="num attn">3</td><td class="num">0</td><td class="num">179,521</td><td></td><td></td></tr></table><table><thead><tr><th>Class</th><th>Method</th><th>Start</th><th>Time (ms)</th></tr></thead><tbody><tr><th colspan="4">Default suite</th></tr></tbody><tbody id="t0"><tr><th colspan="4">Default test &#8212; skipped</th></tr><tr class="skippedeven"><td rowspan="3">com.earnest.homework.selenium.tests.stateTaxCalculator.StateTaxCalculationTest</td><td><a href="#m0">allZeroQuantityTest</a></td><td rowspan="1">1469984228937</td><td rowspan="1">0</td></tr><tr class="skippedeven"><td><a href="#m1">invalidStockQuantityTest</a></td><td rowspan="1">1469984228945</td><td rowspan="1">0</td></tr><tr class="skippedeven"><td><a href="#m2">outOfStockQuantityTest</a></td><td rowspan="1">1469984312668</td><td rowspan="1">0</td></tr><tr><th colspan="4">Default test &#8212; passed</th></tr><tr class="passedeven"><td rowspan="5">com.earnest.homework.selenium.tests.stateTaxCalculator.StateTaxCalculationTest</td><td><a href="#m3">maxStockCheckoutTest</a></td><td rowspan="1">1469984257851</td><td rowspan="1">15644</td></tr><tr class="passedeven"><td><a href="#m4">negativeQuantityTest</a></td><td rowspan="1">1469984298057</td><td rowspan="1">14565</td></tr><tr class="passedeven"><td><a href="#m5">specialTaxRateForCATest</a></td><td rowspan="1">1469984151481</td><td rowspan="1">14624</td></tr><tr class="passedeven"><td><a href="#m6">specialTaxRateForNYTest</a></td><td rowspan="1">1469984182015</td><td rowspan="1">14847</td></tr><tr class="passedeven"><td><a href="#m7">zeroTaxRateStateTest</a></td><td rowspan="1">1469984213302</td><td rowspan="1">15588</td></tr></tbody></table><h2>Default test</h2><h3 id="m0">com.earnest.homework.selenium.tests.stateTaxCalculator.StateTaxCalculationTest#allZeroQuantityTest</h3><table class="result"><tr><th>Exception</th></tr><tr><td><div class="stacktrace">org.testng.TestNGException: 
Data Provider public java.lang.Object[] com.earnest.homework.selenium.tests.stateTaxCalculator.StateTaxCalculationTest.allZeroSocksQty() must return either Object[][] or Iterator&lt;Object&gt;[], not class [Ljava.lang.Object;
	at org.testng.internal.MethodInvocationHelper.invokeDataProvider(MethodInvocationHelper.java:156)
	at org.testng.internal.Parameters.handleParameters(Parameters.java:430)
	at org.testng.internal.Invoker.handleParameters(Invoker.java:1270)
	at org.testng.internal.Invoker.createParameters(Invoker.java:985)
	at org.testng.internal.Invoker.invokeTestMethods(Invoker.java:1075)
	at org.testng.internal.TestMethodWorker.invokeTestMethods(TestMethodWorker.java:125)
	at org.testng.internal.TestMethodWorker.run(TestMethodWorker.java:108)
	at org.testng.TestRunner.privateRun(TestRunner.java:774)
	at org.testng.TestRunner.run(TestRunner.java:624)
	at org.testng.SuiteRunner.runTest(SuiteRunner.java:359)
	at org.testng.SuiteRunner.runSequentially(SuiteRunner.java:354)
	at org.testng.SuiteRunner.privateRun(SuiteRunner.java:312)
	at org.testng.SuiteRunner.run(SuiteRunner.java:261)
	at org.testng.SuiteRunnerWorker.runSuite(SuiteRunnerWorker.java:52)
	at org.testng.SuiteRunnerWorker.run(SuiteRunnerWorker.java:86)
	at org.testng.TestNG.runSuitesSequentially(TestNG.java:1215)
	at org.testng.TestNG.runSuitesLocally(TestNG.java:1140)
	at org.testng.TestNG.run(TestNG.java:1048)
	at org.testng.remote.AbstractRemoteTestNG.run(AbstractRemoteTestNG.java:126)
	at org.testng.remote.RemoteTestNG.initAndRun(RemoteTestNG.java:152)
	at org.testng.remote.RemoteTestNG.main(RemoteTestNG.java:57)
</div></td></tr></table><p class="totop"><a href="#summary">back to summary</a></p><h3 id="m1">com.earnest.homework.selenium.tests.stateTaxCalculator.StateTaxCalculationTest#invalidStockQuantityTest</h3><table class="result"><tr><th>Exception</th></tr><tr><td><div class="stacktrace">org.testng.TestNGException: 
Data Provider public java.lang.Object[] com.earnest.homework.selenium.tests.stateTaxCalculator.StateTaxCalculationTest.invalidStockQty() must return either Object[][] or Iterator&lt;Object&gt;[], not class [Ljava.lang.Object;
	at org.testng.internal.MethodInvocationHelper.invokeDataProvider(MethodInvocationHelper.java:156)
	at org.testng.internal.Parameters.handleParameters(Parameters.java:430)
	at org.testng.internal.Invoker.handleParameters(Invoker.java:1270)
	at org.testng.internal.Invoker.createParameters(Invoker.java:985)
	at org.testng.internal.Invoker.invokeTestMethods(Invoker.java:1075)
	at org.testng.internal.TestMethodWorker.invokeTestMethods(TestMethodWorker.java:125)
	at org.testng.internal.TestMethodWorker.run(TestMethodWorker.java:108)
	at org.testng.TestRunner.privateRun(TestRunner.java:774)
	at org.testng.TestRunner.run(TestRunner.java:624)
	at org.testng.SuiteRunner.runTest(SuiteRunner.java:359)
	at org.testng.SuiteRunner.runSequentially(SuiteRunner.java:354)
	at org.testng.SuiteRunner.privateRun(SuiteRunner.java:312)
	at org.testng.SuiteRunner.run(SuiteRunner.java:261)
	at org.testng.SuiteRunnerWorker.runSuite(SuiteRunnerWorker.java:52)
	at org.testng.SuiteRunnerWorker.run(SuiteRunnerWorker.java:86)
	at org.testng.TestNG.runSuitesSequentially(TestNG.java:1215)
	at org.testng.TestNG.runSuitesLocally(TestNG.java:1140)
	at org.testng.TestNG.run(TestNG.java:1048)
	at org.testng.remote.AbstractRemoteTestNG.run(AbstractRemoteTestNG.java:126)
	at org.testng.remote.RemoteTestNG.initAndRun(RemoteTestNG.java:152)
	at org.testng.remote.RemoteTestNG.main(RemoteTestNG.java:57)
</div></td></tr></table><p class="totop"><a href="#summary">back to summary</a></p><h3 id="m2">com.earnest.homework.selenium.tests.stateTaxCalculator.StateTaxCalculationTest#outOfStockQuantityTest</h3><table class="result"><tr><th>Exception</th></tr><tr><td><div class="stacktrace">org.testng.TestNGException: 
Data Provider public java.lang.Object[] com.earnest.homework.selenium.tests.stateTaxCalculator.StateTaxCalculationTest.outOfStockQty() must return either Object[][] or Iterator&lt;Object&gt;[], not class [Ljava.lang.Object;
	at org.testng.internal.MethodInvocationHelper.invokeDataProvider(MethodInvocationHelper.java:156)
	at org.testng.internal.Parameters.handleParameters(Parameters.java:430)
	at org.testng.internal.Invoker.handleParameters(Invoker.java:1270)
	at org.testng.internal.Invoker.createParameters(Invoker.java:985)
	at org.testng.internal.Invoker.invokeTestMethods(Invoker.java:1075)
	at org.testng.internal.TestMethodWorker.invokeTestMethods(TestMethodWorker.java:125)
	at org.testng.internal.TestMethodWorker.run(TestMethodWorker.java:108)
	at org.testng.TestRunner.privateRun(TestRunner.java:774)
	at org.testng.TestRunner.run(TestRunner.java:624)
	at org.testng.SuiteRunner.runTest(SuiteRunner.java:359)
	at org.testng.SuiteRunner.runSequentially(SuiteRunner.java:354)
	at org.testng.SuiteRunner.privateRun(SuiteRunner.java:312)
	at org.testng.SuiteRunner.run(SuiteRunner.java:261)
	at org.testng.SuiteRunnerWorker.runSuite(SuiteRunnerWorker.java:52)
	at org.testng.SuiteRunnerWorker.run(SuiteRunnerWorker.java:86)
	at org.testng.TestNG.runSuitesSequentially(TestNG.java:1215)
	at org.testng.TestNG.runSuitesLocally(TestNG.java:1140)
	at org.testng.TestNG.run(TestNG.java:1048)
	at org.testng.remote.AbstractRemoteTestNG.run(AbstractRemoteTestNG.java:126)
	at org.testng.remote.RemoteTestNG.initAndRun(RemoteTestNG.java:152)
	at org.testng.remote.RemoteTestNG.main(RemoteTestNG.java:57)
</div></td></tr></table><p class="totop"><a href="#summary">back to summary</a></p><h3 id="m3">com.earnest.homework.selenium.tests.stateTaxCalculator.StateTaxCalculationTest#maxStockCheckoutTest</h3><table class="result"><tr class="param"><th>Parameter #1</th><th>Parameter #2</th><th>Parameter #3</th><th>Parameter #4</th><th>Parameter #5</th><th>Parameter #6</th><th>Parameter #7</th><th>Parameter #8</th></tr><tr class="param stripe"><td>23</td><td>12</td><td>3</td><td>15</td><td>OK</td><td>$899.00</td><td>$44.95</td><td>$943.95</td></tr></table><p class="totop"><a href="#summary">back to summary</a></p><h3 id="m4">com.earnest.homework.selenium.tests.stateTaxCalculator.StateTaxCalculationTest#negativeQuantityTest</h3><table class="result"><tr class="param"><th>Parameter #1</th><th>Parameter #2</th><th>Parameter #3</th><th>Parameter #4</th><th>Parameter #5</th><th>Parameter #6</th><th>Parameter #7</th><th>Parameter #8</th></tr><tr class="param stripe"><td>-1</td><td>5</td><td>3</td><td>2</td><td>AK</td><td>$239.00</td><td>$11.95</td><td>$250.95</td></tr></table><p class="totop"><a href="#summary">back to summary</a></p><h3 id="m5">com.earnest.homework.selenium.tests.stateTaxCalculator.StateTaxCalculationTest#specialTaxRateForCATest</h3><table class="result"><tr class="param"><th>Parameter #1</th><th>Parameter #2</th><th>Parameter #3</th><th>Parameter #4</th><th>Parameter #5</th><th>Parameter #6</th><th>Parameter #7</th><th>Parameter #8</th></tr><tr class="param stripe"><td>4</td><td>3</td><td>2</td><td>1</td><td>CA</td><td>$199.00</td><td>$15.92</td><td>$214.92</td></tr></table><p class="totop"><a href="#summary">back to summary</a></p><h3 id="m6">com.earnest.homework.selenium.tests.stateTaxCalculator.StateTaxCalculationTest#specialTaxRateForNYTest</h3><table class="result"><tr class="param"><th>Parameter #1</th><th>Parameter #2</th><th>Parameter #3</th><th>Parameter #4</th><th>Parameter #5</th><th>Parameter #6</th><th>Parameter #7</th><th>Parameter #8</th></tr><tr class="param stripe"><td>1</td><td>0</td><td>3</td><td>4</td><td>NY</td><td>$186.00</td><td>$11.16</td><td>$197.16</td></tr></table><p class="totop"><a href="#summary">back to summary</a></p><h3 id="m7">com.earnest.homework.selenium.tests.stateTaxCalculator.StateTaxCalculationTest#zeroTaxRateStateTest</h3><table class="result"><tr class="param"><th>Parameter #1</th><th>Parameter #2</th><th>Parameter #3</th><th>Parameter #4</th><th>Parameter #5</th><th>Parameter #6</th><th>Parameter #7</th><th>Parameter #8</th></tr><tr class="param stripe"><td>-5</td><td>6</td><td>0</td><td>1</td><td>MN</td><td>$137.00</td><td>$0.00</td><td>$137.00</td></tr></table><p class="totop"><a href="#summary">back to summary</a></p></body></html>